<?xml version="1.0" encoding="UTF-8"?>
<coverage generated="1781188182392" clover="3.2.0">
  <project timestamp="1781188182393" name="All files">
    <metrics statements="19" coveredstatements="19" conditionals="21" coveredconditionals="19" methods="1" coveredmethods="1" elements="41" coveredelements="39" complexity="0" loc="19" ncloc="19" packages="1" files="1" classes="1"/>
    <file name="registroEmpleado.js" path="C:\Users\gerso\dyad-apps\Proyecto-grupal-2026\src\tests\registroEmpleado.js">
      <metrics statements="19" coveredstatements="19" conditionals="21" coveredconditionals="19" methods="1" coveredmethods="1"/>
      <line num="9" count="6" type="cond" truecount="1" falsecount="1"/>
      <line num="12" count="6" type="cond" truecount="5" falsecount="0"/>
      <line num="13" count="1" type="stmt"/>
      <line num="17" count="5" type="stmt"/>
      <line num="18" count="5" type="cond" truecount="4" falsecount="0"/>
      <line num="19" count="1" type="stmt"/>
      <line num="23" count="4" type="stmt"/>
      <line num="24" count="4" type="cond" truecount="2" falsecount="0"/>
      <line num="25" count="1" type="stmt"/>
      <line num="29" count="3" type="cond" truecount="2" falsecount="0"/>
      <line num="30" count="2" type="stmt"/>
      <line num="31" count="2" type="cond" truecount="2" falsecount="0"/>
      <line num="32" count="1" type="stmt"/>
      <line num="37" count="2" type="cond" truecount="1" falsecount="1"/>
      <line num="38" count="2" type="stmt"/>
      <line num="39" count="2" type="cond" truecount="2" falsecount="0"/>
      <line num="40" count="1" type="stmt"/>
      <line num="44" count="1" type="stmt"/>
      <line num="47" count="1" type="stmt"/>
    </file>
  </project>
</coverage>
