<?xml version="1.0" encoding="UTF-8"?>
<coverage generated="1781027124871" clover="3.2.0">
  <project timestamp="1781027124871" name="All files">
    <metrics statements="51" coveredstatements="50" conditionals="52" coveredconditionals="45" methods="4" coveredmethods="4" elements="107" coveredelements="99" complexity="0" loc="51" ncloc="51" packages="1" files="4" classes="4"/>
    <file name="inicioSesion.js" path="C:\Users\gerso\dyad-apps\Proyecto-grupal-2026\src\tests\inicioSesion.js">
      <metrics statements="8" coveredstatements="8" conditionals="8" coveredconditionals="7" methods="1" coveredmethods="1"/>
      <line num="2" count="3" type="cond" truecount="1" falsecount="1"/>
      <line num="5" count="3" type="cond" truecount="4" falsecount="0"/>
      <line num="6" count="1" type="stmt"/>
      <line num="10" count="2" type="stmt"/>
      <line num="11" count="2" type="cond" truecount="2" falsecount="0"/>
      <line num="12" count="1" type="stmt"/>
      <line num="15" count="1" type="stmt"/>
      <line num="18" count="1" type="stmt"/>
    </file>
    <file name="registroEmpleado.js" path="C:\Users\gerso\dyad-apps\Proyecto-grupal-2026\src\tests\registroEmpleado.js">
      <metrics statements="19" coveredstatements="18" conditionals="21" coveredconditionals="17" methods="1" coveredmethods="1"/>
      <line num="2" count="5" type="cond" truecount="1" falsecount="1"/>
      <line num="5" count="5" type="cond" truecount="5" falsecount="0"/>
      <line num="6" count="1" type="stmt"/>
      <line num="10" count="4" type="stmt"/>
      <line num="11" count="4" type="cond" truecount="4" falsecount="0"/>
      <line num="12" count="1" type="stmt"/>
      <line num="16" count="3" type="stmt"/>
      <line num="17" count="3" type="cond" truecount="2" falsecount="0"/>
      <line num="18" count="1" type="stmt"/>
      <line num="22" count="2" type="cond" truecount="1" falsecount="1"/>
      <line num="23" count="2" type="stmt"/>
      <line num="24" count="2" type="cond" truecount="2" falsecount="0"/>
      <line num="25" count="1" type="stmt"/>
      <line num="30" count="1" type="cond" truecount="1" falsecount="1"/>
      <line num="31" count="1" type="stmt"/>
      <line num="32" count="1" type="cond" truecount="1" falsecount="1"/>
      <line num="33" count="0" type="stmt"/>
      <line num="37" count="1" type="stmt"/>
      <line num="40" count="1" type="stmt"/>
    </file>
    <file name="registroUsuario.js" path="C:\Users\gerso\dyad-apps\Proyecto-grupal-2026\src\tests\registroUsuario.js">
      <metrics statements="13" coveredstatements="13" conditionals="13" coveredconditionals="12" methods="1" coveredmethods="1"/>
      <line num="2" count="5" type="cond" truecount="1" falsecount="1"/>
      <line num="5" count="5" type="cond" truecount="5" falsecount="0"/>
      <line num="6" count="1" type="stmt"/>
      <line num="10" count="4" type="stmt"/>
      <line num="11" count="4" type="cond" truecount="2" falsecount="0"/>
      <line num="12" count="1" type="stmt"/>
      <line num="16" count="3" type="cond" truecount="2" falsecount="0"/>
      <line num="17" count="1" type="stmt"/>
      <line num="21" count="2" type="stmt"/>
      <line num="22" count="2" type="cond" truecount="2" falsecount="0"/>
      <line num="23" count="1" type="stmt"/>
      <line num="26" count="1" type="stmt"/>
      <line num="29" count="1" type="stmt"/>
    </file>
    <file name="validacionRoles.js" path="C:\Users\gerso\dyad-apps\Proyecto-grupal-2026\src\tests\validacionRoles.js">
      <metrics statements="11" coveredstatements="11" conditionals="10" coveredconditionals="9" methods="1" coveredmethods="1"/>
      <line num="2" count="5" type="cond" truecount="1" falsecount="1"/>
      <line num="4" count="5" type="cond" truecount="2" falsecount="0"/>
      <line num="5" count="1" type="stmt"/>
      <line num="8" count="4" type="cond" truecount="2" falsecount="0"/>
      <line num="9" count="1" type="stmt"/>
      <line num="13" count="3" type="stmt"/>
      <line num="15" count="3" type="cond" truecount="2" falsecount="0"/>
      <line num="16" count="2" type="cond" truecount="2" falsecount="0"/>
      <line num="17" count="1" type="stmt"/>
      <line num="21" count="2" type="stmt"/>
      <line num="24" count="1" type="stmt"/>
    </file>
  </project>
</coverage>
