{"C:\\Users\\magdi\\OneDrive\\Desktop\\Repos\\Proyecto-grupal-2026\\src\\test\\validarEntradaDuplicada.js": {"path":"C:\\Users\\magdi\\OneDrive\\Desktop\\Repos\\Proyecto-grupal-2026\\src\\test\\validarEntradaDuplicada.js","statementMap":{"0":{"start":{"line":4,"column":2},"end":{"line":6,"column":3}},"1":{"start":{"line":5,"column":4},"end":{"line":5,"column":84}},"2":{"start":{"line":9,"column":2},"end":{"line":14,"column":3}},"3":{"start":{"line":10,"column":4},"end":{"line":13,"column":6}},"4":{"start":{"line":16,"column":2},"end":{"line":16,"column":81}},"5":{"start":{"line":19,"column":0},"end":{"line":19,"column":41}}},"fnMap":{"0":{"name":"validarEntradaDuplicada","decl":{"start":{"line":2,"column":9},"end":{"line":2,"column":32}},"loc":{"start":{"line":2,"column":74},"end":{"line":17,"column":1}},"line":2}},"branchMap":{"0":{"loc":{"start":{"line":2,"column":45},"end":{"line":2,"column":72}},"type":"default-arg","locations":[{"start":{"line":2,"column":70},"end":{"line":2,"column":72}}],"line":2},"1":{"loc":{"start":{"line":4,"column":2},"end":{"line":6,"column":3}},"type":"if","locations":[{"start":{"line":4,"column":2},"end":{"line":6,"column":3}},{"start":{},"end":{}}],"line":4},"2":{"loc":{"start":{"line":9,"column":2},"end":{"line":14,"column":3}},"type":"if","locations":[{"start":{"line":9,"column":2},"end":{"line":14,"column":3}},{"start":{},"end":{}}],"line":9}},"s":{"0":1,"1":0,"2":1,"3":1,"4":0,"5":1},"f":{"0":1},"b":{"0":[0],"1":[0,1],"2":[1,0]},"_coverageSchema":"1a1c01bbd47fc00a2c39e90264f33305004495a9","hash":"455ac3fb2e57a99ebcc874dd5fe14bd4df6ae212"}
}
