{"C:\\Users\\gerso\\dyad-apps\\Proyecto-grupal-2026\\src\\tests\\registroEmpleado.js": {"path":"C:\\Users\\gerso\\dyad-apps\\Proyecto-grupal-2026\\src\\tests\\registroEmpleado.js","statementMap":{"0":{"start":{"line":9,"column":57},"end":{"line":9,"column":71}},"1":{"start":{"line":12,"column":2},"end":{"line":14,"column":3}},"2":{"start":{"line":13,"column":4},"end":{"line":13,"column":89}},"3":{"start":{"line":17,"column":22},"end":{"line":17,"column":49}},"4":{"start":{"line":18,"column":2},"end":{"line":20,"column":3}},"5":{"start":{"line":19,"column":4},"end":{"line":19,"column":90}},"6":{"start":{"line":23,"column":22},"end":{"line":23,"column":48}},"7":{"start":{"line":24,"column":2},"end":{"line":26,"column":3}},"8":{"start":{"line":25,"column":4},"end":{"line":25,"column":79}},"9":{"start":{"line":29,"column":2},"end":{"line":34,"column":3}},"10":{"start":{"line":30,"column":24},"end":{"line":30,"column":52}},"11":{"start":{"line":31,"column":4},"end":{"line":33,"column":5}},"12":{"start":{"line":32,"column":6},"end":{"line":32,"column":93}},"13":{"start":{"line":37,"column":2},"end":{"line":42,"column":3}},"14":{"start":{"line":38,"column":26},"end":{"line":38,"column":44}},"15":{"start":{"line":39,"column":4},"end":{"line":41,"column":5}},"16":{"start":{"line":40,"column":6},"end":{"line":40,"column":83}},"17":{"start":{"line":44,"column":2},"end":{"line":44,"column":26}},"18":{"start":{"line":47,"column":0},"end":{"line":47,"column":34}}},"fnMap":{"0":{"name":"registroEmpleado","decl":{"start":{"line":8,"column":9},"end":{"line":8,"column":25}},"loc":{"start":{"line":8,"column":36},"end":{"line":45,"column":1}},"line":8}},"branchMap":{"0":{"loc":{"start":{"line":9,"column":57},"end":{"line":9,"column":71}},"type":"binary-expr","locations":[{"start":{"line":9,"column":57},"end":{"line":9,"column":65}},{"start":{"line":9,"column":69},"end":{"line":9,"column":71}}],"line":9},"1":{"loc":{"start":{"line":12,"column":2},"end":{"line":14,"column":3}},"type":"if","locations":[{"start":{"line":12,"column":2},"end":{"line":14,"column":3}},{"start":{},"end":{}}],"line":12},"2":{"loc":{"start":{"line":12,"column":6},"end":{"line":12,"column":37}},"type":"binary-expr","locations":[{"start":{"line":12,"column":6},"end":{"line":12,"column":13}},{"start":{"line":12,"column":17},"end":{"line":12,"column":26}},{"start":{"line":12,"column":30},"end":{"line":12,"column":37}}],"line":12},"3":{"loc":{"start":{"line":18,"column":2},"end":{"line":20,"column":3}},"type":"if","locations":[{"start":{"line":18,"column":2},"end":{"line":20,"column":3}},{"start":{},"end":{}}],"line":18},"4":{"loc":{"start":{"line":18,"column":6},"end":{"line":18,"column":62}},"type":"binary-expr","locations":[{"start":{"line":18,"column":6},"end":{"line":18,"column":31}},{"start":{"line":18,"column":35},"end":{"line":18,"column":62}}],"line":18},"5":{"loc":{"start":{"line":24,"column":2},"end":{"line":26,"column":3}},"type":"if","locations":[{"start":{"line":24,"column":2},"end":{"line":26,"column":3}},{"start":{},"end":{}}],"line":24},"6":{"loc":{"start":{"line":29,"column":2},"end":{"line":34,"column":3}},"type":"if","locations":[{"start":{"line":29,"column":2},"end":{"line":34,"column":3}},{"start":{},"end":{}}],"line":29},"7":{"loc":{"start":{"line":31,"column":4},"end":{"line":33,"column":5}},"type":"if","locations":[{"start":{"line":31,"column":4},"end":{"line":33,"column":5}},{"start":{},"end":{}}],"line":31},"8":{"loc":{"start":{"line":37,"column":2},"end":{"line":42,"column":3}},"type":"if","locations":[{"start":{"line":37,"column":2},"end":{"line":42,"column":3}},{"start":{},"end":{}}],"line":37},"9":{"loc":{"start":{"line":39,"column":4},"end":{"line":41,"column":5}},"type":"if","locations":[{"start":{"line":39,"column":4},"end":{"line":41,"column":5}},{"start":{},"end":{}}],"line":39}},"s":{"0":6,"1":6,"2":1,"3":5,"4":5,"5":1,"6":4,"7":4,"8":1,"9":3,"10":2,"11":2,"12":1,"13":2,"14":2,"15":2,"16":1,"17":1,"18":1},"f":{"0":6},"b":{"0":[6,0],"1":[1,5],"2":[6,5,5],"3":[1,4],"4":[5,4],"5":[1,3],"6":[2,1],"7":[1,1],"8":[2,0],"9":[1,1]},"_coverageSchema":"1a1c01bbd47fc00a2c39e90264f33305004495a9","hash":"6f54e6c827b4e3b27eab2c8a00c8163bc7150735"}
}
