TN:
SF:src\tests\inicioSesion.js
FN:1,inicioSesion
FNF:1
FNH:1
FNDA:3,inicioSesion
DA:2,3
DA:5,3
DA:6,1
DA:10,2
DA:11,2
DA:12,1
DA:15,1
DA:18,1
LF:8
LH:8
BRDA:2,0,0,3
BRDA:2,0,1,0
BRDA:5,1,0,1
BRDA:5,1,1,2
BRDA:5,2,0,3
BRDA:5,2,1,2
BRDA:11,3,0,1
BRDA:11,3,1,1
BRF:8
BRH:7
end_of_record
TN:
SF:src\tests\registroEmpleado.js
FN:1,registroEmpleado
FNF:1
FNH:1
FNDA:5,registroEmpleado
DA:2,5
DA:5,5
DA:6,1
DA:10,4
DA:11,4
DA:12,1
DA:16,3
DA:17,3
DA:18,1
DA:22,2
DA:23,2
DA:24,2
DA:25,1
DA:30,1
DA:31,1
DA:32,1
DA:33,0
DA:37,1
DA:40,1
LF:19
LH:18
BRDA:2,0,0,5
BRDA:2,0,1,0
BRDA:5,1,0,1
BRDA:5,1,1,4
BRDA:5,2,0,5
BRDA:5,2,1,4
BRDA:5,2,2,4
BRDA:11,3,0,1
BRDA:11,3,1,3
BRDA:11,4,0,4
BRDA:11,4,1,3
BRDA:17,5,0,1
BRDA:17,5,1,2
BRDA:22,6,0,2
BRDA:22,6,1,0
BRDA:24,7,0,1
BRDA:24,7,1,1
BRDA:30,8,0,1
BRDA:30,8,1,0
BRDA:32,9,0,0
BRDA:32,9,1,1
BRF:21
BRH:17
end_of_record
TN:
SF:src\tests\registroUsuario.js
FN:1,registroUsuario
FNF:1
FNH:1
FNDA:5,registroUsuario
DA:2,5
DA:5,5
DA:6,1
DA:10,4
DA:11,4
DA:12,1
DA:16,3
DA:17,1
DA:21,2
DA:22,2
DA:23,1
DA:26,1
DA:29,1
LF:13
LH:13
BRDA:2,0,0,5
BRDA:2,0,1,0
BRDA:5,1,0,1
BRDA:5,1,1,4
BRDA:5,2,0,5
BRDA:5,2,1,4
BRDA:5,2,2,4
BRDA:11,3,0,1
BRDA:11,3,1,3
BRDA:16,4,0,1
BRDA:16,4,1,2
BRDA:22,5,0,1
BRDA:22,5,1,1
BRF:13
BRH:12
end_of_record
TN:
SF:src\tests\validacionRoles.js
FN:1,validacionRoles
FNF:1
FNH:1
FNDA:5,validacionRoles
DA:2,5
DA:4,5
DA:5,1
DA:8,4
DA:9,1
DA:13,3
DA:15,3
DA:16,2
DA:17,1
DA:21,2
DA:24,1
LF:11
LH:11
BRDA:2,0,0,5
BRDA:2,0,1,0
BRDA:4,1,0,1
BRDA:4,1,1,4
BRDA:8,2,0,1
BRDA:8,2,1,3
BRDA:15,3,0,2
BRDA:15,3,1,1
BRDA:16,4,0,1
BRDA:16,4,1,1
BRF:10
BRH:9
end_of_record
