TN:
SF:src\tests\registroEmpleado.js
FN:8,registroEmpleado
FNF:1
FNH:1
FNDA:6,registroEmpleado
DA:9,6
DA:12,6
DA:13,1
DA:17,5
DA:18,5
DA:19,1
DA:23,4
DA:24,4
DA:25,1
DA:29,3
DA:30,2
DA:31,2
DA:32,1
DA:37,2
DA:38,2
DA:39,2
DA:40,1
DA:44,1
DA:47,1
LF:19
LH:19
BRDA:9,0,0,6
BRDA:9,0,1,0
BRDA:12,1,0,1
BRDA:12,1,1,5
BRDA:12,2,0,6
BRDA:12,2,1,5
BRDA:12,2,2,5
BRDA:18,3,0,1
BRDA:18,3,1,4
BRDA:18,4,0,5
BRDA:18,4,1,4
BRDA:24,5,0,1
BRDA:24,5,1,3
BRDA:29,6,0,2
BRDA:29,6,1,1
BRDA:31,7,0,1
BRDA:31,7,1,1
BRDA:37,8,0,2
BRDA:37,8,1,0
BRDA:39,9,0,1
BRDA:39,9,1,1
BRF:21
BRH:19
end_of_record
